<?xml version="1.0" encoding="UTF-8"?>
<!-- Generated by org.testng.reporters.JUnitReportReporter -->
<testsuite hostname="INHL1132" failures="0" tests="1" name="com.cloudfinder.qa.testcases.ReportsPageTest" time="35.071" errors="0" timestamp="2020-02-12T14:22:19 IST" skipped="0">
  <testcase classname="com.cloudfinder.qa.testcases.ReportsPageTest" name="restoreStatus" time="35.071"/>
  <system-out/>
</testsuite> <!-- com.cloudfinder.qa.testcases.ReportsPageTest -->
