<?xml version="1.0" encoding="UTF-8"?>
<!-- Generated by org.testng.reporters.JUnitReportReporter -->
<testsuite hostname="INHL1132" failures="0" tests="3" name="com.cloudfinder.qa.testcases.LoginPageTest" time="40.209" errors="0" timestamp="2020-02-12T14:22:19 IST" skipped="0">
  <testcase classname="com.cloudfinder.qa.testcases.LoginPageTest" name="loginPageTitleTest" time="7.847"/>
  <system-out/>
  <testcase classname="com.cloudfinder.qa.testcases.LoginPageTest" name="loginFailedTest" time="12.964"/>
  <system-out/>
  <testcase classname="com.cloudfinder.qa.testcases.LoginPageTest" name="loginSuccessTest" time="19.398"/>
  <system-out/>
</testsuite> <!-- com.cloudfinder.qa.testcases.LoginPageTest -->
